d:\vsproject\licode-windows\wincustomdesktop\cdconfig\win32\debug\cdconfig.pch
d:\vsproject\licode-windows\wincustomdesktop\cdconfig\win32\debug\vc140.pdb
d:\vsproject\licode-windows\wincustomdesktop\cdconfig\win32\debug\vc140.idb
d:\vsproject\licode-windows\wincustomdesktop\cdconfig\win32\debug\stdafx.obj
d:\vsproject\licode-windows\wincustomdesktop\cdconfig\win32\debug\cdconfig.obj
d:\vsproject\licode-windows\wincustomdesktop\cdconfig\win32\debug\cdconfigdlg.obj
d:\vsproject\licode-windows\wincustomdesktop\cdconfig\win32\debug\combodlg.obj
d:\vsproject\licode-windows\wincustomdesktop\win32\debug\cdconfig.ilk
d:\vsproject\licode-windows\wincustomdesktop\win32\debug\cdconfig.exe
d:\vsproject\licode-windows\wincustomdesktop\win32\debug\cdconfig.pdb
d:\vsproject\licode-windows\wincustomdesktop\cdconfig\win32\debug\cdconfig.res
d:\vsproject\licode-windows\wincustomdesktop\cdconfig\win32\debug\cdconfig.tlog\cl.command.1.tlog
d:\vsproject\licode-windows\wincustomdesktop\cdconfig\win32\debug\cdconfig.tlog\cl.read.1.tlog
d:\vsproject\licode-windows\wincustomdesktop\cdconfig\win32\debug\cdconfig.tlog\cl.write.1.tlog
d:\vsproject\licode-windows\wincustomdesktop\cdconfig\win32\debug\cdconfig.tlog\link.command.1.tlog
d:\vsproject\licode-windows\wincustomdesktop\cdconfig\win32\debug\cdconfig.tlog\link.read.1.tlog
d:\vsproject\licode-windows\wincustomdesktop\cdconfig\win32\debug\cdconfig.tlog\link.write.1.tlog
d:\vsproject\licode-windows\wincustomdesktop\cdconfig\win32\debug\cdconfig.tlog\rc.command.1.tlog
d:\vsproject\licode-windows\wincustomdesktop\cdconfig\win32\debug\cdconfig.tlog\rc.read.1.tlog
d:\vsproject\licode-windows\wincustomdesktop\cdconfig\win32\debug\cdconfig.tlog\rc.write.1.tlog
