d:\vsproject\licode-windows\wincustomdesktop\customdesktop\win32\debug\customdesktop.pch
d:\vsproject\licode-windows\wincustomdesktop\customdesktop\win32\debug\vc140.pdb
d:\vsproject\licode-windows\wincustomdesktop\customdesktop\win32\debug\vc140.idb
d:\vsproject\licode-windows\wincustomdesktop\customdesktop\win32\debug\stdafx.obj
d:\vsproject\licode-windows\wincustomdesktop\customdesktop\win32\debug\bufferedrendering.obj
d:\vsproject\licode-windows\wincustomdesktop\customdesktop\win32\debug\cdapi.obj
d:\vsproject\licode-windows\wincustomdesktop\customdesktop\win32\debug\checkcovered.obj
d:\vsproject\licode-windows\wincustomdesktop\customdesktop\win32\debug\global.obj
d:\vsproject\licode-windows\wincustomdesktop\customdesktop\win32\debug\hookdesktop.obj
d:\vsproject\licode-windows\wincustomdesktop\customdesktop\win32\debug\cdevents.obj
d:\vsproject\licode-windows\wincustomdesktop\customdesktop\win32\debug\pluginmanager.obj
d:\vsproject\licode-windows\wincustomdesktop\customdesktop\win32\debug\traymenu.obj
d:\vsproject\licode-windows\wincustomdesktop\customdesktop\win32\debug\dllmain.obj
d:\vsproject\licode-windows\wincustomdesktop\win32\debug\customdesktop.lib
d:\vsproject\licode-windows\wincustomdesktop\win32\debug\customdesktop.exp
d:\vsproject\licode-windows\wincustomdesktop\win32\debug\customdesktop.ilk
d:\vsproject\licode-windows\wincustomdesktop\win32\debug\customdesktop.dll
d:\vsproject\licode-windows\wincustomdesktop\win32\debug\customdesktop.pdb
d:\vsproject\licode-windows\wincustomdesktop\customdesktop\win32\debug\customdesktop.res
d:\vsproject\licode-windows\wincustomdesktop\customdesktop\win32\debug\customdesktop.tlog\cl.command.1.tlog
d:\vsproject\licode-windows\wincustomdesktop\customdesktop\win32\debug\customdesktop.tlog\cl.read.1.tlog
d:\vsproject\licode-windows\wincustomdesktop\customdesktop\win32\debug\customdesktop.tlog\cl.write.1.tlog
d:\vsproject\licode-windows\wincustomdesktop\customdesktop\win32\debug\customdesktop.tlog\customdesktop.write.1u.tlog
d:\vsproject\licode-windows\wincustomdesktop\customdesktop\win32\debug\customdesktop.tlog\link.command.1.tlog
d:\vsproject\licode-windows\wincustomdesktop\customdesktop\win32\debug\customdesktop.tlog\link.read.1.tlog
d:\vsproject\licode-windows\wincustomdesktop\customdesktop\win32\debug\customdesktop.tlog\link.write.1.tlog
d:\vsproject\licode-windows\wincustomdesktop\customdesktop\win32\debug\customdesktop.tlog\rc.command.1.tlog
d:\vsproject\licode-windows\wincustomdesktop\customdesktop\win32\debug\customdesktop.tlog\rc.read.1.tlog
d:\vsproject\licode-windows\wincustomdesktop\customdesktop\win32\debug\customdesktop.tlog\rc.write.1.tlog
