d:\vsproject\analysislicode\src\common\debug\common.pch
d:\vsproject\analysislicode\src\common\debug\vc140.pdb
d:\vsproject\analysislicode\src\common\debug\vc140.idb
d:\vsproject\analysislicode\src\common\debug\stdafx.obj
d:\vsproject\analysislicode\src\common\debug\bytebuffer.obj
d:\vsproject\analysislicode\src\common\debug\common.obj
d:\vsproject\analysislicode\src\common\debug\logger.obj
d:\vsproject\analysislicode\src\common\debug\loggerlisteners.obj
d:\vsproject\analysislicode\src\common\debug\criticalsection.obj
d:\vsproject\analysislicode\src\common\debug\errors.obj
d:\vsproject\analysislicode\src\common\debug\event.obj
d:\vsproject\analysislicode\src\common\debug\file.obj
d:\vsproject\analysislicode\src\common\debug\gzipfile.obj
d:\vsproject\analysislicode\src\common\debug\isthread.obj
d:\vsproject\analysislicode\src\common\debug\stacktrace.obj
d:\vsproject\analysislicode\src\common\debug\stackwalker.obj
d:\vsproject\analysislicode\src\common\debug\stringutils.obj
d:\vsproject\analysislicode\src\common\debug\threadpool.obj
d:\vsproject\analysislicode\lib\debug\common.lib
d:\vsproject\analysislicode\lib\debug\common.exp
d:\vsproject\analysislicode\outdir\debug\common.ilk
d:\vsproject\analysislicode\outdir\debug\common.dll
d:\vsproject\analysislicode\outdir\debug\common.pdb
d:\vsproject\analysislicode\\outdir\debug\common.pdb
d:\vsproject\analysislicode\\outdir\debug\common.dll
d:\vsproject\analysislicode\\outdir\debug\common.ilk
d:\vsproject\analysislicode\src\common\debug\common.tlog\cl.command.1.tlog
d:\vsproject\analysislicode\src\common\debug\common.tlog\cl.read.1.tlog
d:\vsproject\analysislicode\src\common\debug\common.tlog\cl.write.1.tlog
d:\vsproject\analysislicode\src\common\debug\common.tlog\common.write.1u.tlog
d:\vsproject\analysislicode\src\common\debug\common.tlog\link.command.1.tlog
d:\vsproject\analysislicode\src\common\debug\common.tlog\link.read.1.tlog
d:\vsproject\analysislicode\src\common\debug\common.tlog\link.write.1.tlog
